# JRE version: Java(TM) SE Runtime Environment (8.0_25-b18) (build 1.8.0_25-b18)
# Java VM: Java HotSpot(TM) 64-Bit Server VM (25.25-b02 mixed mode windows-amd64 compressed oops)
Heap:
 PSYoungGen      total 31744K, used 28748K [0x00000000ed900000, 0x00000000f1700000, 0x0000000100000000)
  eden space 29696K, 89% used [0x00000000ed900000,0x00000000ef3169f0,0x00000000ef600000)
  from space 2048K, 99% used [0x00000000ef600000,0x00000000ef7fc930,0x00000000ef800000)
  to   space 2048K, 99% used [0x00000000f1500000,0x00000000f16fc930,0x00000000f1700000)
 ParOldGen       total 38400K, used 3325K [0x00000000c8a00000, 0x00000000caf80000, 0x00000000ed900000)
  object space 38400K, 8% used [0x00000000c8a00000,0x00000000c8d41728,0x00000000caf80000)
 Metaspace       used 18856K, capacity 18982K, committed 19200K, reserved 1069056K
  class space    used 2434K, capacity 2493K, committed 2560K, reserved 1048576K
GC Heap History (6 events):
Event: 0.228 GC heap before
{Heap before GC invocations=1 (full 0):
 PSYoungGen      total 16896K, used 14813K [0x00000000ed900000, 0x00000000eeb80000, 0x0000000100000000)
  eden space 14848K, 99% used [0x00000000ed900000,0x00000000ee7777e8,0x00000000ee780000)
  from space 2048K, 0% used [0x00000000ee980000,0x00000000ee980000,0x00000000eeb80000)
  to   space 2048K, 0% used [0x00000000ee780000,0x00000000ee780000,0x00000000ee980000)
 ParOldGen       total 38400K, used 0K [0x00000000c8a00000, 0x00000000caf80000, 0x00000000ed900000)
  object space 38400K, 0% used [0x00000000c8a00000,0x00000000c8a00000,0x00000000caf80000)
 Metaspace       used 3149K, capacity 4494K, committed 4864K, reserved 1056768K
  class space    used 340K, capacity 386K, committed 512K, reserved 1048576K
Event: 0.239 GC heap after
Heap after GC invocations=1 (full 0):
 PSYoungGen      total 16896K, used 931K [0x00000000ed900000, 0x00000000efa00000, 0x0000000100000000)
  eden space 14848K, 0% used [0x00000000ed900000,0x00000000ed900000,0x00000000ee780000)
  from space 2048K, 45% used [0x00000000ee780000,0x00000000ee868ee0,0x00000000ee980000)
  to   space 2048K, 0% used [0x00000000ef800000,0x00000000ef800000,0x00000000efa00000)
 ParOldGen       total 38400K, used 0K [0x00000000c8a00000, 0x00000000caf80000, 0x00000000ed900000)
  object space 38400K, 0% used [0x00000000c8a00000,0x00000000c8a00000,0x00000000caf80000)
 Metaspace       used 3149K, capacity 4494K, committed 4864K, reserved 1056768K
  class space    used 340K, capacity 386K, committed 512K, reserved 1048576K
}
Event: 0.359 GC heap before
{Heap before GC invocations=2 (full 0):
 PSYoungGen      total 16896K, used 15779K [0x00000000ed900000, 0x00000000efa00000, 0x0000000100000000)
  eden space 14848K, 100% used [0x00000000ed900000,0x00000000ee780000,0x00000000ee780000)
  from space 2048K, 45% used [0x00000000ee780000,0x00000000ee868ee0,0x00000000ee980000)
  to   space 2048K, 0% used [0x00000000ef800000,0x00000000ef800000,0x00000000efa00000)
 ParOldGen       total 38400K, used 0K [0x00000000c8a00000, 0x00000000caf80000, 0x00000000ed900000)
  object space 38400K, 0% used [0x00000000c8a00000,0x00000000c8a00000,0x00000000caf80000)
 Metaspace       used 3946K, capacity 4832K, committed 5120K, reserved 1056768K
  class space    used 451K, capacity 464K, committed 512K, reserved 1048576K
Event: 0.362 GC heap after
Heap after GC invocations=2 (full 0):
 PSYoungGen      total 31744K, used 1154K [0x00000000ed900000, 0x00000000efa00000, 0x0000000100000000)
  eden space 29696K, 0% used [0x00000000ed900000,0x00000000ed900000,0x00000000ef600000)
  from space 2048K, 56% used [0x00000000ef800000,0x00000000ef920a30,0x00000000efa00000)
  to   space 2048K, 0% used [0x00000000ef600000,0x00000000ef600000,0x00000000ef800000)
 ParOldGen       total 38400K, used 8K [0x00000000c8a00000, 0x00000000caf80000, 0x00000000ed900000)
  object space 38400K, 0% used [0x00000000c8a00000,0x00000000c8a02000,0x00000000caf80000)
 Metaspace       used 3946K, capacity 4832K, committed 5120K, reserved 1056768K
  class space    used 451K, capacity 464K, committed 512K, reserved 1048576K
}
Event: 1.564 GC heap before
{Heap before GC invocations=3 (full 0):
 PSYoungGen      total 31744K, used 30850K [0x00000000ed900000, 0x00000000efa00000, 0x0000000100000000)
  eden space 29696K, 100% used [0x00000000ed900000,0x00000000ef600000,0x00000000ef600000)
  from space 2048K, 56% used [0x00000000ef800000,0x00000000ef920a30,0x00000000efa00000)
  to   space 2048K, 0% used [0x00000000ef600000,0x00000000ef600000,0x00000000ef800000)
 ParOldGen       total 38400K, used 8K [0x00000000c8a00000, 0x00000000caf80000, 0x00000000ed900000)
  object space 38400K, 0% used [0x00000000c8a00000,0x00000000c8a02000,0x00000000caf80000)
 Metaspace       used 14308K, capacity 14496K, committed 14720K, reserved 1062912K
  class space    used 1857K, capacity 1916K, committed 1920K, reserved 1048576K
Event: 1.646 GC heap after
Heap after GC invocations=3 (full 0):
 PSYoungGen      total 31744K, used 2034K [0x00000000ed900000, 0x00000000f1700000, 0x0000000100000000)
  eden space 29696K, 0% used [0x00000000ed900000,0x00000000ed900000,0x00000000ef600000)
  from space 2048K, 99% used [0x00000000ef600000,0x00000000ef7fc930,0x00000000ef800000)
  to   space 2048K, 0% used [0x00000000f1500000,0x00000000f1500000,0x00000000f1700000)
 ParOldGen       total 38400K, used 3293K [0x00000000c8a00000, 0x00000000caf80000, 0x00000000ed900000)
  object space 38400K, 8% used [0x00000000c8a00000,0x00000000c8d37728,0x00000000caf80000)
 Metaspace       used 14308K, capacity 14496K, committed 14720K, reserved 1062912K
  class space    used 1857K, capacity 1916K, committed 1920K, reserved 1048576K
}

